{"level":"info","message":"Syncing Ticketmaster events for 5 celebrities","timestamp":"2026-05-30T12:08:58.759Z"}
{"level":"info","message":"Ticketmaster sync complete: fetched 48, upserted 48","timestamp":"2026-05-30T12:09:36.103Z"}
{"level":"info","message":"Syncing Ticketmaster events for 5 celebrities","timestamp":"2026-05-30T12:46:45.157Z"}
{"level":"info","message":"Ticketmaster sync complete: fetched 48, upserted 48","timestamp":"2026-05-30T12:47:19.391Z"}
{"level":"info","message":"Syncing Ticketmaster events for 5 celebrities","timestamp":"2026-05-30T13:26:30.500Z"}
{"level":"info","message":"Syncing Ticketmaster events for 5 celebrities","timestamp":"2026-05-30T13:26:33.696Z"}
{"level":"info","message":"Ticketmaster sync complete: fetched 48, upserted 48","timestamp":"2026-05-30T13:27:00.005Z"}
{"level":"info","message":"Ticketmaster sync complete: fetched 48, upserted 48","timestamp":"2026-05-30T13:27:02.190Z"}
{"level":"info","message":"Syncing Ticketmaster events for 5 celebrities","timestamp":"2026-05-30T13:37:25.792Z"}
{"level":"info","message":"Ticketmaster sync complete: fetched 48, upserted 48","timestamp":"2026-05-30T13:37:59.568Z"}
{"level":"info","message":"Syncing Ticketmaster events for 5 celebrities","timestamp":"2026-05-30T13:53:02.725Z"}
{"level":"info","message":"Ticketmaster sync complete: fetched 48, upserted 48","timestamp":"2026-05-30T13:53:21.152Z"}
{"level":"info","message":"Syncing Ticketmaster events for 5 celebrities","timestamp":"2026-05-30T14:06:30.856Z"}
{"level":"info","message":"Ticketmaster sync complete: fetched 48, upserted 48","timestamp":"2026-05-30T14:07:00.543Z"}
{"level":"info","message":"Syncing Ticketmaster events for 5 celebrities","timestamp":"2026-05-30T14:09:08.092Z"}
{"level":"info","message":"Ticketmaster sync complete: fetched 48, upserted 48","timestamp":"2026-05-30T14:09:44.053Z"}
{"level":"info","message":"Syncing Ticketmaster events for 5 celebrities","timestamp":"2026-05-30T16:25:29.022Z"}
{"level":"info","message":"Ticketmaster sync complete: fetched 48, upserted 48","timestamp":"2026-05-30T16:26:18.290Z"}
{"level":"info","message":"Syncing Ticketmaster events for 5 celebrities","timestamp":"2026-05-30T18:00:06.948Z"}
{"level":"info","message":"Ticketmaster sync complete: fetched 48, upserted 48","timestamp":"2026-05-30T18:00:48.035Z"}
{"level":"info","message":"Syncing Ticketmaster events for 5 celebrities","timestamp":"2026-05-30T20:00:49.734Z"}
{"clientVersion":"5.22.0","code":"P1017","level":"error","message":"Failed to sync events for Bad Bunny: \nInvalid `prisma.ticketListingCache.upsert()` invocation in\nC:\\Users\\Modester\\starworld-projects\\starworld-backend\\src\\jobs\\tickets.job.ts:67:41\n\n  64 \n  65 if (!eventData.eventName || !eventData.eventDate) continue;\n  66 \n→ 67 await prisma.ticketListingCache.upsert(\nServer has closed the connection.","meta":{"modelName":"TicketListingCache"},"name":"PrismaClientKnownRequestError","stack":"PrismaClientKnownRequestError: \nInvalid `prisma.ticketListingCache.upsert()` invocation in\nC:\\Users\\Modester\\starworld-projects\\starworld-backend\\src\\jobs\\tickets.job.ts:67:41\n\n  64 \n  65 if (!eventData.eventName || !eventData.eventDate) continue;\n  66 \n→ 67 await prisma.ticketListingCache.upsert(\nServer has closed the connection.\n    at $n.handleRequestError (C:\\Users\\Modester\\starworld-projects\\starworld-backend\\node_modules\\@prisma\\client\\runtime\\library.js:121:7315)\n    at $n.handleAndLogRequestError (C:\\Users\\Modester\\starworld-projects\\starworld-backend\\node_modules\\@prisma\\client\\runtime\\library.js:121:6623)\n    at $n.request (C:\\Users\\Modester\\starworld-projects\\starworld-backend\\node_modules\\@prisma\\client\\runtime\\library.js:121:6307)\n    at async l (C:\\Users\\Modester\\starworld-projects\\starworld-backend\\node_modules\\@prisma\\client\\runtime\\library.js:130:9633)\n    at async syncTicketmasterEvents (C:\\Users\\Modester\\starworld-projects\\starworld-backend\\src\\jobs\\tickets.job.ts:67:9)\n    at async Timeout._onTimeout (C:\\Users\\Modester\\starworld-projects\\starworld-backend\\src\\index.ts:53:5)","timestamp":"2026-05-30T20:02:05.872Z"}
{"level":"info","message":"Ticketmaster sync complete: fetched 38, upserted 38","timestamp":"2026-05-30T20:02:05.881Z"}
{"level":"info","message":"Syncing Ticketmaster events for 5 celebrities","timestamp":"2026-05-30T20:53:45.346Z"}
{"clientVersion":"5.22.0","code":"P2024","level":"error","message":"Failed to sync events for Taylor Swift: \nInvalid `prisma.ticketListingCache.upsert()` invocation in\nC:\\Users\\Modester\\starworld-projects\\starworld-backend\\src\\jobs\\tickets.job.ts:67:41\n\n  64 \n  65 if (!eventData.eventName || !eventData.eventDate) continue;\n  66 \n→ 67 await prisma.ticketListingCache.upsert(\nTimed out fetching a new connection from the connection pool. More info: http://pris.ly/d/connection-pool (Current connection pool timeout: 10, connection limit: 9)","meta":{"connection_limit":9,"modelName":"TicketListingCache","timeout":10},"name":"PrismaClientKnownRequestError","stack":"PrismaClientKnownRequestError: \nInvalid `prisma.ticketListingCache.upsert()` invocation in\nC:\\Users\\Modester\\starworld-projects\\starworld-backend\\src\\jobs\\tickets.job.ts:67:41\n\n  64 \n  65 if (!eventData.eventName || !eventData.eventDate) continue;\n  66 \n→ 67 await prisma.ticketListingCache.upsert(\nTimed out fetching a new connection from the connection pool. More info: http://pris.ly/d/connection-pool (Current connection pool timeout: 10, connection limit: 9)\n    at $n.handleRequestError (C:\\Users\\Modester\\starworld-projects\\starworld-backend\\node_modules\\@prisma\\client\\runtime\\library.js:121:7315)\n    at $n.handleAndLogRequestError (C:\\Users\\Modester\\starworld-projects\\starworld-backend\\node_modules\\@prisma\\client\\runtime\\library.js:121:6623)\n    at $n.request (C:\\Users\\Modester\\starworld-projects\\starworld-backend\\node_modules\\@prisma\\client\\runtime\\library.js:121:6307)\n    at async l (C:\\Users\\Modester\\starworld-projects\\starworld-backend\\node_modules\\@prisma\\client\\runtime\\library.js:130:9633)\n    at async syncTicketmasterEvents (C:\\Users\\Modester\\starworld-projects\\starworld-backend\\src\\jobs\\tickets.job.ts:67:9)\n    at async Timeout._onTimeout (C:\\Users\\Modester\\starworld-projects\\starworld-backend\\src\\index.ts:53:5)","timestamp":"2026-05-30T20:53:59.167Z"}
{"level":"info","message":"Ticketmaster sync complete: fetched 38, upserted 38","timestamp":"2026-05-30T20:54:52.858Z"}
{"level":"info","message":"Syncing Ticketmaster events for 5 celebrities","timestamp":"2026-05-30T21:11:55.858Z"}
{"cause":{"code":"UND_ERR_CONNECT_TIMEOUT","name":"ConnectTimeoutError"},"level":"error","message":"Failed to sync events for The Weeknd: fetch failed","stack":"TypeError: fetch failed\n    at node:internal/deps/undici/undici:13510:13\n    at process.processTicksAndRejections (node:internal/process/task_queues:105:5)\n    at async syncTicketmasterEvents (C:\\Users\\Modester\\starworld-projects\\starworld-backend\\src\\jobs\\tickets.job.ts:28:24)\n    at async Timeout._onTimeout (C:\\Users\\Modester\\starworld-projects\\starworld-backend\\src\\index.ts:53:5)","timestamp":"2026-05-30T21:12:39.649Z"}
{"level":"info","message":"Ticketmaster sync complete: fetched 38, upserted 38","timestamp":"2026-05-30T21:12:50.454Z"}
{"level":"info","message":"Syncing Ticketmaster events for 5 celebrities","timestamp":"2026-05-30T21:48:05.326Z"}
{"level":"info","message":"Ticketmaster sync complete: fetched 48, upserted 48","timestamp":"2026-05-30T21:48:52.592Z"}
{"level":"info","message":"Syncing Ticketmaster events for 5 celebrities","timestamp":"2026-05-30T22:03:54.335Z"}
{"level":"info","message":"Ticketmaster sync complete: fetched 48, upserted 48","timestamp":"2026-05-30T22:04:39.820Z"}
{"level":"info","message":"Syncing Ticketmaster events for 5 celebrities","timestamp":"2026-06-02T06:48:57.904Z"}
{"level":"info","message":"Ticketmaster sync complete: fetched 47, upserted 47","timestamp":"2026-06-02T06:49:19.950Z"}
{"level":"info","message":"Syncing Ticketmaster events for 5 celebrities","timestamp":"2026-06-02T07:00:01.333Z"}
{"level":"info","message":"Ticketmaster sync complete: fetched 47, upserted 47","timestamp":"2026-06-02T07:00:17.927Z"}
{"level":"info","message":"Syncing Ticketmaster events for 5 celebrities","timestamp":"2026-06-02T08:20:28.531Z"}
{"level":"info","message":"Ticketmaster sync complete: fetched 47, upserted 47","timestamp":"2026-06-02T08:20:51.434Z"}
{"level":"info","message":"Syncing Ticketmaster events for 5 celebrities","timestamp":"2026-06-02T08:57:01.671Z"}
{"level":"info","message":"Ticketmaster sync complete: fetched 47, upserted 47","timestamp":"2026-06-02T08:57:20.939Z"}
{"level":"info","message":"Syncing Ticketmaster events for 5 celebrities","timestamp":"2026-06-02T09:00:01.121Z"}
{"level":"info","message":"Ticketmaster sync complete: fetched 47, upserted 47","timestamp":"2026-06-02T09:00:19.121Z"}
{"level":"info","message":"Syncing Ticketmaster events for 5 celebrities","timestamp":"2026-06-02T12:25:00.023Z"}
{"level":"info","message":"Ticketmaster sync complete: fetched 47, upserted 47","timestamp":"2026-06-02T12:25:29.061Z"}
{"level":"info","message":"Syncing Ticketmaster events for 5 celebrities","timestamp":"2026-06-02T13:00:01.247Z"}
{"level":"info","message":"Ticketmaster sync complete: fetched 47, upserted 47","timestamp":"2026-06-02T13:00:19.598Z"}
{"level":"info","message":"Syncing Ticketmaster events for 5 celebrities","timestamp":"2026-06-03T08:17:28.519Z"}
{"level":"info","message":"Ticketmaster sync complete: fetched 47, upserted 47","timestamp":"2026-06-03T08:17:47.416Z"}
{"level":"info","message":"Syncing Ticketmaster events for 5 celebrities","timestamp":"2026-06-03T09:39:16.587Z"}
{"level":"info","message":"Ticketmaster sync complete: fetched 47, upserted 47","timestamp":"2026-06-03T09:40:00.967Z"}
{"level":"info","message":"Syncing Ticketmaster events for 5 celebrities","timestamp":"2026-06-03T09:59:54.856Z"}
{"level":"info","message":"Ticketmaster sync complete: fetched 47, upserted 47","timestamp":"2026-06-03T10:00:11.895Z"}
{"level":"info","message":"Syncing Ticketmaster events for 5 celebrities","timestamp":"2026-06-04T17:25:32.416Z"}
{"level":"info","message":"Ticketmaster sync complete: fetched 47, upserted 47","timestamp":"2026-06-04T17:25:51.636Z"}
{"level":"info","message":"Syncing Ticketmaster events for 5 celebrities","timestamp":"2026-06-04T18:53:36.003Z"}
{"level":"info","message":"Ticketmaster sync complete: fetched 47, upserted 47","timestamp":"2026-06-04T18:53:55.126Z"}
{"level":"info","message":"Syncing Ticketmaster events for 5 celebrities","timestamp":"2026-06-04T21:31:35.239Z"}
{"level":"info","message":"Ticketmaster sync complete: fetched 47, upserted 47","timestamp":"2026-06-04T21:31:57.025Z"}
{"level":"info","message":"Syncing Ticketmaster events for 5 celebrities","timestamp":"2026-06-04T22:47:26.234Z"}
{"level":"info","message":"Ticketmaster sync complete: fetched 47, upserted 47","timestamp":"2026-06-04T22:47:52.330Z"}
{"level":"info","message":"Syncing Ticketmaster events for 5 celebrities","timestamp":"2026-06-04T23:10:21.681Z"}
{"level":"info","message":"Ticketmaster sync complete: fetched 47, upserted 47","timestamp":"2026-06-04T23:10:39.434Z"}
{"level":"info","message":"Syncing Ticketmaster events for 5 celebrities","timestamp":"2026-06-04T23:20:05.624Z"}
{"level":"info","message":"Ticketmaster sync complete: fetched 47, upserted 47","timestamp":"2026-06-04T23:20:23.627Z"}
{"level":"info","message":"Syncing Ticketmaster events for 5 celebrities","timestamp":"2026-06-04T23:22:38.875Z"}
{"level":"info","message":"Ticketmaster sync complete: fetched 47, upserted 47","timestamp":"2026-06-04T23:22:56.061Z"}
{"level":"info","message":"Syncing Ticketmaster events for 5 celebrities","timestamp":"2026-06-04T23:58:21.434Z"}
{"level":"info","message":"Ticketmaster sync complete: fetched 47, upserted 47","timestamp":"2026-06-04T23:58:41.457Z"}
{"level":"info","message":"Syncing Ticketmaster events for 5 celebrities","timestamp":"2026-06-05T00:14:32.319Z"}
{"level":"info","message":"Ticketmaster sync complete: fetched 47, upserted 47","timestamp":"2026-06-05T00:14:50.471Z"}
{"level":"info","message":"Syncing Ticketmaster events for 5 celebrities","timestamp":"2026-06-05T00:22:21.957Z"}
{"level":"info","message":"Ticketmaster sync complete: fetched 47, upserted 47","timestamp":"2026-06-05T00:22:40.178Z"}
{"level":"info","message":"Syncing Ticketmaster events for 5 celebrities","timestamp":"2026-06-05T00:37:22.523Z"}
{"level":"info","message":"Ticketmaster sync complete: fetched 47, upserted 47","timestamp":"2026-06-05T00:37:39.421Z"}
{"level":"info","message":"Syncing Ticketmaster events for 5 celebrities","timestamp":"2026-06-05T00:46:17.686Z"}
{"level":"info","message":"Syncing Ticketmaster events for 5 celebrities","timestamp":"2026-06-05T13:25:50.120Z"}
{"level":"error","message":"Failed to sync events for Beyoncé: Unexpected token '<', \"<!DOCTYPE \"... is not valid JSON","stack":"SyntaxError: Unexpected token '<', \"<!DOCTYPE \"... is not valid JSON\n    at JSON.parse (<anonymous>)\n    at parseJSONFromBytes (node:internal/deps/undici/undici:5738:19)\n    at successSteps (node:internal/deps/undici/undici:5719:27)\n    at fullyReadBody (node:internal/deps/undici/undici:4609:9)\n    at process.processTicksAndRejections (node:internal/process/task_queues:105:5)\n    at async consumeBody (node:internal/deps/undici/undici:5728:7)\n    at async syncTicketmasterEvents (C:\\Users\\Modester\\starworld-projects\\starworld-backend\\src\\jobs\\tickets.job.ts:29:20)\n    at async Timeout._onTimeout (C:\\Users\\Modester\\starworld-projects\\starworld-backend\\src\\index.ts:53:5)","timestamp":"2026-06-05T13:25:51.457Z"}
{"level":"error","message":"Failed to sync events for Bad Bunny: Unexpected token '<', \"<!DOCTYPE \"... is not valid JSON","stack":"SyntaxError: Unexpected token '<', \"<!DOCTYPE \"... is not valid JSON\n    at JSON.parse (<anonymous>)\n    at parseJSONFromBytes (node:internal/deps/undici/undici:5738:19)\n    at successSteps (node:internal/deps/undici/undici:5719:27)\n    at fullyReadBody (node:internal/deps/undici/undici:4609:9)\n    at process.processTicksAndRejections (node:internal/process/task_queues:105:5)\n    at async consumeBody (node:internal/deps/undici/undici:5728:7)\n    at async syncTicketmasterEvents (C:\\Users\\Modester\\starworld-projects\\starworld-backend\\src\\jobs\\tickets.job.ts:29:20)\n    at async Timeout._onTimeout (C:\\Users\\Modester\\starworld-projects\\starworld-backend\\src\\index.ts:53:5)","timestamp":"2026-06-05T13:25:52.396Z"}
{"level":"error","message":"Failed to sync events for Drake: Unexpected token '<', \"<!DOCTYPE \"... is not valid JSON","stack":"SyntaxError: Unexpected token '<', \"<!DOCTYPE \"... is not valid JSON\n    at JSON.parse (<anonymous>)\n    at parseJSONFromBytes (node:internal/deps/undici/undici:5738:19)\n    at successSteps (node:internal/deps/undici/undici:5719:27)\n    at fullyReadBody (node:internal/deps/undici/undici:4609:9)\n    at process.processTicksAndRejections (node:internal/process/task_queues:105:5)\n    at async consumeBody (node:internal/deps/undici/undici:5728:7)\n    at async syncTicketmasterEvents (C:\\Users\\Modester\\starworld-projects\\starworld-backend\\src\\jobs\\tickets.job.ts:29:20)\n    at async Timeout._onTimeout (C:\\Users\\Modester\\starworld-projects\\starworld-backend\\src\\index.ts:53:5)","timestamp":"2026-06-05T13:25:53.227Z"}
{"level":"error","message":"Failed to sync events for Taylor Swift: Unexpected token '<', \"<!DOCTYPE \"... is not valid JSON","stack":"SyntaxError: Unexpected token '<', \"<!DOCTYPE \"... is not valid JSON\n    at JSON.parse (<anonymous>)\n    at parseJSONFromBytes (node:internal/deps/undici/undici:5738:19)\n    at successSteps (node:internal/deps/undici/undici:5719:27)\n    at fullyReadBody (node:internal/deps/undici/undici:4609:9)\n    at process.processTicksAndRejections (node:internal/process/task_queues:105:5)\n    at async consumeBody (node:internal/deps/undici/undici:5728:7)\n    at async syncTicketmasterEvents (C:\\Users\\Modester\\starworld-projects\\starworld-backend\\src\\jobs\\tickets.job.ts:29:20)\n    at async Timeout._onTimeout (C:\\Users\\Modester\\starworld-projects\\starworld-backend\\src\\index.ts:53:5)","timestamp":"2026-06-05T13:25:54.057Z"}
{"level":"error","message":"Failed to sync events for The Weeknd: Unexpected token '<', \"<!DOCTYPE \"... is not valid JSON","stack":"SyntaxError: Unexpected token '<', \"<!DOCTYPE \"... is not valid JSON\n    at JSON.parse (<anonymous>)\n    at parseJSONFromBytes (node:internal/deps/undici/undici:5738:19)\n    at successSteps (node:internal/deps/undici/undici:5719:27)\n    at fullyReadBody (node:internal/deps/undici/undici:4609:9)\n    at process.processTicksAndRejections (node:internal/process/task_queues:105:5)\n    at async consumeBody (node:internal/deps/undici/undici:5728:7)\n    at async syncTicketmasterEvents (C:\\Users\\Modester\\starworld-projects\\starworld-backend\\src\\jobs\\tickets.job.ts:29:20)\n    at async Timeout._onTimeout (C:\\Users\\Modester\\starworld-projects\\starworld-backend\\src\\index.ts:53:5)","timestamp":"2026-06-05T13:25:54.894Z"}
{"level":"info","message":"Ticketmaster sync complete: fetched 0, upserted 0","timestamp":"2026-06-05T13:25:54.896Z"}
{"level":"info","message":"Syncing Ticketmaster events for 5 celebrities","timestamp":"2026-06-05T13:38:07.591Z"}
{"level":"error","message":"Failed to sync events for Beyoncé: Unexpected token '<', \"<!DOCTYPE \"... is not valid JSON","stack":"SyntaxError: Unexpected token '<', \"<!DOCTYPE \"... is not valid JSON\n    at JSON.parse (<anonymous>)\n    at parseJSONFromBytes (node:internal/deps/undici/undici:5738:19)\n    at successSteps (node:internal/deps/undici/undici:5719:27)\n    at fullyReadBody (node:internal/deps/undici/undici:4609:9)\n    at process.processTicksAndRejections (node:internal/process/task_queues:105:5)\n    at async consumeBody (node:internal/deps/undici/undici:5728:7)\n    at async syncTicketmasterEvents (C:\\Users\\Modester\\starworld-projects\\starworld-backend\\src\\jobs\\tickets.job.ts:29:20)\n    at async Timeout._onTimeout (C:\\Users\\Modester\\starworld-projects\\starworld-backend\\src\\index.ts:53:5)","timestamp":"2026-06-05T13:38:10.942Z"}
{"level":"error","message":"Failed to sync events for Bad Bunny: Unexpected token '<', \"<!DOCTYPE \"... is not valid JSON","stack":"SyntaxError: Unexpected token '<', \"<!DOCTYPE \"... is not valid JSON\n    at JSON.parse (<anonymous>)\n    at parseJSONFromBytes (node:internal/deps/undici/undici:5738:19)\n    at successSteps (node:internal/deps/undici/undici:5719:27)\n    at fullyReadBody (node:internal/deps/undici/undici:4609:9)\n    at process.processTicksAndRejections (node:internal/process/task_queues:105:5)\n    at async consumeBody (node:internal/deps/undici/undici:5728:7)\n    at async syncTicketmasterEvents (C:\\Users\\Modester\\starworld-projects\\starworld-backend\\src\\jobs\\tickets.job.ts:29:20)\n    at async Timeout._onTimeout (C:\\Users\\Modester\\starworld-projects\\starworld-backend\\src\\index.ts:53:5)","timestamp":"2026-06-05T13:38:12.047Z"}
{"level":"error","message":"Failed to sync events for Drake: Unexpected token '<', \"<!DOCTYPE \"... is not valid JSON","stack":"SyntaxError: Unexpected token '<', \"<!DOCTYPE \"... is not valid JSON\n    at JSON.parse (<anonymous>)\n    at parseJSONFromBytes (node:internal/deps/undici/undici:5738:19)\n    at successSteps (node:internal/deps/undici/undici:5719:27)\n    at fullyReadBody (node:internal/deps/undici/undici:4609:9)\n    at process.processTicksAndRejections (node:internal/process/task_queues:105:5)\n    at async consumeBody (node:internal/deps/undici/undici:5728:7)\n    at async syncTicketmasterEvents (C:\\Users\\Modester\\starworld-projects\\starworld-backend\\src\\jobs\\tickets.job.ts:29:20)\n    at async Timeout._onTimeout (C:\\Users\\Modester\\starworld-projects\\starworld-backend\\src\\index.ts:53:5)","timestamp":"2026-06-05T13:38:13.425Z"}
{"level":"error","message":"Failed to sync events for Taylor Swift: Unexpected token '<', \"<!DOCTYPE \"... is not valid JSON","stack":"SyntaxError: Unexpected token '<', \"<!DOCTYPE \"... is not valid JSON\n    at JSON.parse (<anonymous>)\n    at parseJSONFromBytes (node:internal/deps/undici/undici:5738:19)\n    at successSteps (node:internal/deps/undici/undici:5719:27)\n    at fullyReadBody (node:internal/deps/undici/undici:4609:9)\n    at process.processTicksAndRejections (node:internal/process/task_queues:105:5)\n    at async consumeBody (node:internal/deps/undici/undici:5728:7)\n    at async syncTicketmasterEvents (C:\\Users\\Modester\\starworld-projects\\starworld-backend\\src\\jobs\\tickets.job.ts:29:20)\n    at async Timeout._onTimeout (C:\\Users\\Modester\\starworld-projects\\starworld-backend\\src\\index.ts:53:5)","timestamp":"2026-06-05T13:38:14.756Z"}
{"level":"error","message":"Failed to sync events for The Weeknd: Unexpected token '<', \"<!DOCTYPE \"... is not valid JSON","stack":"SyntaxError: Unexpected token '<', \"<!DOCTYPE \"... is not valid JSON\n    at JSON.parse (<anonymous>)\n    at parseJSONFromBytes (node:internal/deps/undici/undici:5738:19)\n    at successSteps (node:internal/deps/undici/undici:5719:27)\n    at fullyReadBody (node:internal/deps/undici/undici:4609:9)\n    at process.processTicksAndRejections (node:internal/process/task_queues:105:5)\n    at async consumeBody (node:internal/deps/undici/undici:5728:7)\n    at async syncTicketmasterEvents (C:\\Users\\Modester\\starworld-projects\\starworld-backend\\src\\jobs\\tickets.job.ts:29:20)\n    at async Timeout._onTimeout (C:\\Users\\Modester\\starworld-projects\\starworld-backend\\src\\index.ts:53:5)","timestamp":"2026-06-05T13:38:15.455Z"}
{"level":"info","message":"Ticketmaster sync complete: fetched 0, upserted 0","timestamp":"2026-06-05T13:38:15.494Z"}
{"level":"info","message":"Syncing Ticketmaster events for 5 celebrities","timestamp":"2026-06-05T13:47:43.785Z"}
{"level":"error","message":"Failed to sync events for Beyoncé: Unexpected token '<', \"<!DOCTYPE \"... is not valid JSON","stack":"SyntaxError: Unexpected token '<', \"<!DOCTYPE \"... is not valid JSON\n    at JSON.parse (<anonymous>)\n    at parseJSONFromBytes (node:internal/deps/undici/undici:5738:19)\n    at successSteps (node:internal/deps/undici/undici:5719:27)\n    at fullyReadBody (node:internal/deps/undici/undici:4609:9)\n    at process.processTicksAndRejections (node:internal/process/task_queues:105:5)\n    at async consumeBody (node:internal/deps/undici/undici:5728:7)\n    at async syncTicketmasterEvents (C:\\Users\\Modester\\starworld-projects\\starworld-backend\\src\\jobs\\tickets.job.ts:29:20)\n    at async Timeout._onTimeout (C:\\Users\\Modester\\starworld-projects\\starworld-backend\\src\\index.ts:53:5)","timestamp":"2026-06-05T13:47:44.827Z"}
{"level":"error","message":"Failed to sync events for Bad Bunny: Unexpected token '<', \"<!DOCTYPE \"... is not valid JSON","stack":"SyntaxError: Unexpected token '<', \"<!DOCTYPE \"... is not valid JSON\n    at JSON.parse (<anonymous>)\n    at parseJSONFromBytes (node:internal/deps/undici/undici:5738:19)\n    at successSteps (node:internal/deps/undici/undici:5719:27)\n    at fullyReadBody (node:internal/deps/undici/undici:4609:9)\n    at process.processTicksAndRejections (node:internal/process/task_queues:105:5)\n    at async consumeBody (node:internal/deps/undici/undici:5728:7)\n    at async syncTicketmasterEvents (C:\\Users\\Modester\\starworld-projects\\starworld-backend\\src\\jobs\\tickets.job.ts:29:20)\n    at async Timeout._onTimeout (C:\\Users\\Modester\\starworld-projects\\starworld-backend\\src\\index.ts:53:5)","timestamp":"2026-06-05T13:47:45.586Z"}
{"level":"error","message":"Failed to sync events for Drake: Unexpected token '<', \"<!DOCTYPE \"... is not valid JSON","stack":"SyntaxError: Unexpected token '<', \"<!DOCTYPE \"... is not valid JSON\n    at JSON.parse (<anonymous>)\n    at parseJSONFromBytes (node:internal/deps/undici/undici:5738:19)\n    at successSteps (node:internal/deps/undici/undici:5719:27)\n    at fullyReadBody (node:internal/deps/undici/undici:4609:9)\n    at process.processTicksAndRejections (node:internal/process/task_queues:105:5)\n    at async consumeBody (node:internal/deps/undici/undici:5728:7)\n    at async syncTicketmasterEvents (C:\\Users\\Modester\\starworld-projects\\starworld-backend\\src\\jobs\\tickets.job.ts:29:20)\n    at async Timeout._onTimeout (C:\\Users\\Modester\\starworld-projects\\starworld-backend\\src\\index.ts:53:5)","timestamp":"2026-06-05T13:47:46.458Z"}
{"level":"error","message":"Failed to sync events for Taylor Swift: Unexpected token '<', \"<!DOCTYPE \"... is not valid JSON","stack":"SyntaxError: Unexpected token '<', \"<!DOCTYPE \"... is not valid JSON\n    at JSON.parse (<anonymous>)\n    at parseJSONFromBytes (node:internal/deps/undici/undici:5738:19)\n    at successSteps (node:internal/deps/undici/undici:5719:27)\n    at fullyReadBody (node:internal/deps/undici/undici:4609:9)\n    at process.processTicksAndRejections (node:internal/process/task_queues:105:5)\n    at async consumeBody (node:internal/deps/undici/undici:5728:7)\n    at async syncTicketmasterEvents (C:\\Users\\Modester\\starworld-projects\\starworld-backend\\src\\jobs\\tickets.job.ts:29:20)\n    at async Timeout._onTimeout (C:\\Users\\Modester\\starworld-projects\\starworld-backend\\src\\index.ts:53:5)","timestamp":"2026-06-05T13:47:47.388Z"}
{"level":"error","message":"Failed to sync events for The Weeknd: Unexpected token '<', \"<!DOCTYPE \"... is not valid JSON","stack":"SyntaxError: Unexpected token '<', \"<!DOCTYPE \"... is not valid JSON\n    at JSON.parse (<anonymous>)\n    at parseJSONFromBytes (node:internal/deps/undici/undici:5738:19)\n    at successSteps (node:internal/deps/undici/undici:5719:27)\n    at fullyReadBody (node:internal/deps/undici/undici:4609:9)\n    at process.processTicksAndRejections (node:internal/process/task_queues:105:5)\n    at async consumeBody (node:internal/deps/undici/undici:5728:7)\n    at async syncTicketmasterEvents (C:\\Users\\Modester\\starworld-projects\\starworld-backend\\src\\jobs\\tickets.job.ts:29:20)\n    at async Timeout._onTimeout (C:\\Users\\Modester\\starworld-projects\\starworld-backend\\src\\index.ts:53:5)","timestamp":"2026-06-05T13:47:48.243Z"}
{"level":"info","message":"Ticketmaster sync complete: fetched 0, upserted 0","timestamp":"2026-06-05T13:47:48.245Z"}
{"level":"info","message":"Syncing Ticketmaster events for 5 celebrities","timestamp":"2026-06-05T13:53:38.555Z"}
{"level":"error","message":"Failed to sync events for Beyoncé: Unexpected token '<', \"<!DOCTYPE \"... is not valid JSON","stack":"SyntaxError: Unexpected token '<', \"<!DOCTYPE \"... is not valid JSON\n    at JSON.parse (<anonymous>)\n    at parseJSONFromBytes (node:internal/deps/undici/undici:5738:19)\n    at successSteps (node:internal/deps/undici/undici:5719:27)\n    at fullyReadBody (node:internal/deps/undici/undici:4609:9)\n    at process.processTicksAndRejections (node:internal/process/task_queues:105:5)\n    at async consumeBody (node:internal/deps/undici/undici:5728:7)\n    at async syncTicketmasterEvents (C:\\Users\\Modester\\starworld-projects\\starworld-backend\\src\\jobs\\tickets.job.ts:29:20)\n    at async Timeout._onTimeout (C:\\Users\\Modester\\starworld-projects\\starworld-backend\\src\\index.ts:53:5)","timestamp":"2026-06-05T13:53:40.190Z"}
{"level":"error","message":"Failed to sync events for Bad Bunny: Unexpected token '<', \"<!DOCTYPE \"... is not valid JSON","stack":"SyntaxError: Unexpected token '<', \"<!DOCTYPE \"... is not valid JSON\n    at JSON.parse (<anonymous>)\n    at parseJSONFromBytes (node:internal/deps/undici/undici:5738:19)\n    at successSteps (node:internal/deps/undici/undici:5719:27)\n    at fullyReadBody (node:internal/deps/undici/undici:4609:9)\n    at process.processTicksAndRejections (node:internal/process/task_queues:105:5)\n    at async consumeBody (node:internal/deps/undici/undici:5728:7)\n    at async syncTicketmasterEvents (C:\\Users\\Modester\\starworld-projects\\starworld-backend\\src\\jobs\\tickets.job.ts:29:20)\n    at async Timeout._onTimeout (C:\\Users\\Modester\\starworld-projects\\starworld-backend\\src\\index.ts:53:5)","timestamp":"2026-06-05T13:53:41.112Z"}
{"level":"error","message":"Failed to sync events for Drake: Unexpected token '<', \"<!DOCTYPE \"... is not valid JSON","stack":"SyntaxError: Unexpected token '<', \"<!DOCTYPE \"... is not valid JSON\n    at JSON.parse (<anonymous>)\n    at parseJSONFromBytes (node:internal/deps/undici/undici:5738:19)\n    at successSteps (node:internal/deps/undici/undici:5719:27)\n    at fullyReadBody (node:internal/deps/undici/undici:4609:9)\n    at process.processTicksAndRejections (node:internal/process/task_queues:105:5)\n    at async consumeBody (node:internal/deps/undici/undici:5728:7)\n    at async syncTicketmasterEvents (C:\\Users\\Modester\\starworld-projects\\starworld-backend\\src\\jobs\\tickets.job.ts:29:20)\n    at async Timeout._onTimeout (C:\\Users\\Modester\\starworld-projects\\starworld-backend\\src\\index.ts:53:5)","timestamp":"2026-06-05T13:53:42.028Z"}
{"level":"error","message":"Failed to sync events for Taylor Swift: Unexpected token '<', \"<!DOCTYPE \"... is not valid JSON","stack":"SyntaxError: Unexpected token '<', \"<!DOCTYPE \"... is not valid JSON\n    at JSON.parse (<anonymous>)\n    at parseJSONFromBytes (node:internal/deps/undici/undici:5738:19)\n    at successSteps (node:internal/deps/undici/undici:5719:27)\n    at fullyReadBody (node:internal/deps/undici/undici:4609:9)\n    at process.processTicksAndRejections (node:internal/process/task_queues:105:5)\n    at async consumeBody (node:internal/deps/undici/undici:5728:7)\n    at async syncTicketmasterEvents (C:\\Users\\Modester\\starworld-projects\\starworld-backend\\src\\jobs\\tickets.job.ts:29:20)\n    at async Timeout._onTimeout (C:\\Users\\Modester\\starworld-projects\\starworld-backend\\src\\index.ts:53:5)","timestamp":"2026-06-05T13:53:42.911Z"}
{"level":"error","message":"Failed to sync events for The Weeknd: Unexpected token '<', \"<!DOCTYPE \"... is not valid JSON","stack":"SyntaxError: Unexpected token '<', \"<!DOCTYPE \"... is not valid JSON\n    at JSON.parse (<anonymous>)\n    at parseJSONFromBytes (node:internal/deps/undici/undici:5738:19)\n    at successSteps (node:internal/deps/undici/undici:5719:27)\n    at fullyReadBody (node:internal/deps/undici/undici:4609:9)\n    at process.processTicksAndRejections (node:internal/process/task_queues:105:5)\n    at async consumeBody (node:internal/deps/undici/undici:5728:7)\n    at async syncTicketmasterEvents (C:\\Users\\Modester\\starworld-projects\\starworld-backend\\src\\jobs\\tickets.job.ts:29:20)\n    at async Timeout._onTimeout (C:\\Users\\Modester\\starworld-projects\\starworld-backend\\src\\index.ts:53:5)","timestamp":"2026-06-05T13:53:43.783Z"}
{"level":"info","message":"Ticketmaster sync complete: fetched 0, upserted 0","timestamp":"2026-06-05T13:53:43.795Z"}
{"level":"info","message":"Syncing Ticketmaster events for 5 celebrities","timestamp":"2026-06-05T14:02:26.529Z"}
{"level":"error","message":"Failed to sync events for Beyoncé: Unexpected token '<', \"<!DOCTYPE \"... is not valid JSON","stack":"SyntaxError: Unexpected token '<', \"<!DOCTYPE \"... is not valid JSON\n    at JSON.parse (<anonymous>)\n    at parseJSONFromBytes (node:internal/deps/undici/undici:5738:19)\n    at successSteps (node:internal/deps/undici/undici:5719:27)\n    at fullyReadBody (node:internal/deps/undici/undici:4609:9)\n    at process.processTicksAndRejections (node:internal/process/task_queues:105:5)\n    at async consumeBody (node:internal/deps/undici/undici:5728:7)\n    at async syncTicketmasterEvents (C:\\Users\\Modester\\starworld-projects\\starworld-backend\\src\\jobs\\tickets.job.ts:29:20)\n    at async Timeout._onTimeout (C:\\Users\\Modester\\starworld-projects\\starworld-backend\\src\\index.ts:53:5)","timestamp":"2026-06-05T14:02:28.029Z"}
{"level":"error","message":"Failed to sync events for Bad Bunny: Unexpected token '<', \"<!DOCTYPE \"... is not valid JSON","stack":"SyntaxError: Unexpected token '<', \"<!DOCTYPE \"... is not valid JSON\n    at JSON.parse (<anonymous>)\n    at parseJSONFromBytes (node:internal/deps/undici/undici:5738:19)\n    at successSteps (node:internal/deps/undici/undici:5719:27)\n    at fullyReadBody (node:internal/deps/undici/undici:4609:9)\n    at process.processTicksAndRejections (node:internal/process/task_queues:105:5)\n    at async consumeBody (node:internal/deps/undici/undici:5728:7)\n    at async syncTicketmasterEvents (C:\\Users\\Modester\\starworld-projects\\starworld-backend\\src\\jobs\\tickets.job.ts:29:20)\n    at async Timeout._onTimeout (C:\\Users\\Modester\\starworld-projects\\starworld-backend\\src\\index.ts:53:5)","timestamp":"2026-06-05T14:02:28.937Z"}
{"level":"error","message":"Failed to sync events for Drake: Unexpected token '<', \"<!DOCTYPE \"... is not valid JSON","stack":"SyntaxError: Unexpected token '<', \"<!DOCTYPE \"... is not valid JSON\n    at JSON.parse (<anonymous>)\n    at parseJSONFromBytes (node:internal/deps/undici/undici:5738:19)\n    at successSteps (node:internal/deps/undici/undici:5719:27)\n    at fullyReadBody (node:internal/deps/undici/undici:4609:9)\n    at process.processTicksAndRejections (node:internal/process/task_queues:105:5)\n    at async consumeBody (node:internal/deps/undici/undici:5728:7)\n    at async syncTicketmasterEvents (C:\\Users\\Modester\\starworld-projects\\starworld-backend\\src\\jobs\\tickets.job.ts:29:20)\n    at async Timeout._onTimeout (C:\\Users\\Modester\\starworld-projects\\starworld-backend\\src\\index.ts:53:5)","timestamp":"2026-06-05T14:02:29.960Z"}
{"level":"error","message":"Failed to sync events for Taylor Swift: Unexpected token '<', \"<!DOCTYPE \"... is not valid JSON","stack":"SyntaxError: Unexpected token '<', \"<!DOCTYPE \"... is not valid JSON\n    at JSON.parse (<anonymous>)\n    at parseJSONFromBytes (node:internal/deps/undici/undici:5738:19)\n    at successSteps (node:internal/deps/undici/undici:5719:27)\n    at fullyReadBody (node:internal/deps/undici/undici:4609:9)\n    at process.processTicksAndRejections (node:internal/process/task_queues:105:5)\n    at async consumeBody (node:internal/deps/undici/undici:5728:7)\n    at async syncTicketmasterEvents (C:\\Users\\Modester\\starworld-projects\\starworld-backend\\src\\jobs\\tickets.job.ts:29:20)\n    at async Timeout._onTimeout (C:\\Users\\Modester\\starworld-projects\\starworld-backend\\src\\index.ts:53:5)","timestamp":"2026-06-05T14:02:30.903Z"}
{"level":"error","message":"Failed to sync events for The Weeknd: Unexpected token '<', \"<!DOCTYPE \"... is not valid JSON","stack":"SyntaxError: Unexpected token '<', \"<!DOCTYPE \"... is not valid JSON\n    at JSON.parse (<anonymous>)\n    at parseJSONFromBytes (node:internal/deps/undici/undici:5738:19)\n    at successSteps (node:internal/deps/undici/undici:5719:27)\n    at fullyReadBody (node:internal/deps/undici/undici:4609:9)\n    at process.processTicksAndRejections (node:internal/process/task_queues:105:5)\n    at async consumeBody (node:internal/deps/undici/undici:5728:7)\n    at async syncTicketmasterEvents (C:\\Users\\Modester\\starworld-projects\\starworld-backend\\src\\jobs\\tickets.job.ts:29:20)\n    at async Timeout._onTimeout (C:\\Users\\Modester\\starworld-projects\\starworld-backend\\src\\index.ts:53:5)","timestamp":"2026-06-05T14:02:31.797Z"}
{"level":"info","message":"Ticketmaster sync complete: fetched 0, upserted 0","timestamp":"2026-06-05T14:02:31.800Z"}
{"level":"info","message":"Syncing Ticketmaster events for 5 celebrities","timestamp":"2026-06-06T11:00:41.133Z"}
{"level":"info","message":"Ticketmaster sync complete: fetched 47, upserted 47","timestamp":"2026-06-06T11:01:06.721Z"}
{"level":"info","message":"Syncing Ticketmaster events for 5 celebrities","timestamp":"2026-06-06T11:21:11.762Z"}
{"level":"info","message":"Ticketmaster sync complete: fetched 47, upserted 47","timestamp":"2026-06-06T11:21:33.451Z"}
{"level":"info","message":"Syncing Ticketmaster events for 5 celebrities","timestamp":"2026-06-06T11:31:41.076Z"}
{"level":"info","message":"Ticketmaster sync complete: fetched 47, upserted 47","timestamp":"2026-06-06T11:32:00.827Z"}
{"level":"info","message":"Syncing Ticketmaster events for 5 celebrities","timestamp":"2026-06-06T12:27:01.727Z"}
{"level":"info","message":"Ticketmaster sync complete: fetched 47, upserted 47","timestamp":"2026-06-06T12:27:24.580Z"}
{"level":"info","message":"Syncing Ticketmaster events for 5 celebrities","timestamp":"2026-06-06T13:01:56.966Z"}
{"level":"info","message":"Ticketmaster sync complete: fetched 47, upserted 47","timestamp":"2026-06-06T13:02:16.259Z"}
{"level":"info","message":"Syncing Ticketmaster events for 5 celebrities","timestamp":"2026-06-09T12:51:34.130Z"}
{"level":"info","message":"Ticketmaster sync complete: fetched 47, upserted 47","timestamp":"2026-06-09T12:51:52.928Z"}
{"level":"info","message":"Syncing Ticketmaster events for 5 celebrities","timestamp":"2026-06-09T13:03:09.246Z"}
{"level":"info","message":"Ticketmaster sync complete: fetched 47, upserted 47","timestamp":"2026-06-09T13:03:26.936Z"}
{"level":"info","message":"Syncing Ticketmaster events for 5 celebrities","timestamp":"2026-06-10T16:36:53.576Z"}
{"level":"info","message":"Ticketmaster sync complete: fetched 48, upserted 48","timestamp":"2026-06-10T16:37:11.607Z"}
{"level":"info","message":"Syncing Ticketmaster events for 5 celebrities","timestamp":"2026-06-11T07:45:41.965Z"}
{"level":"info","message":"Ticketmaster sync complete: fetched 48, upserted 48","timestamp":"2026-06-11T07:45:59.877Z"}
{"level":"info","message":"Syncing Ticketmaster events for 5 celebrities","timestamp":"2026-06-11T07:55:43.999Z"}
{"level":"info","message":"Ticketmaster sync complete: fetched 48, upserted 48","timestamp":"2026-06-11T07:56:02.221Z"}
{"level":"info","message":"Syncing Ticketmaster events for 5 celebrities","timestamp":"2026-06-11T10:34:10.470Z"}
{"level":"info","message":"Ticketmaster sync complete: fetched 48, upserted 48","timestamp":"2026-06-11T10:34:30.546Z"}
{"level":"info","message":"Syncing Ticketmaster events for 5 celebrities","timestamp":"2026-06-11T11:18:47.014Z"}
{"level":"info","message":"Ticketmaster sync complete: fetched 48, upserted 48","timestamp":"2026-06-11T11:19:03.763Z"}
{"level":"info","message":"Syncing Ticketmaster events for 5 celebrities","timestamp":"2026-06-11T11:54:43.326Z"}
{"level":"info","message":"Ticketmaster sync complete: fetched 48, upserted 48","timestamp":"2026-06-11T11:55:01.646Z"}
{"level":"info","message":"Syncing Ticketmaster events for 5 celebrities","timestamp":"2026-06-11T11:59:01.705Z"}
{"level":"info","message":"Ticketmaster sync complete: fetched 48, upserted 48","timestamp":"2026-06-11T11:59:20.325Z"}
{"level":"info","message":"Syncing Ticketmaster events for 5 celebrities","timestamp":"2026-06-11T12:03:40.080Z"}
{"level":"info","message":"Ticketmaster sync complete: fetched 48, upserted 48","timestamp":"2026-06-11T12:04:04.008Z"}
{"level":"info","message":"Syncing Ticketmaster events for 5 celebrities","timestamp":"2026-06-11T12:38:08.920Z"}
{"level":"info","message":"Ticketmaster sync complete: fetched 48, upserted 48","timestamp":"2026-06-11T12:38:28.699Z"}
{"level":"info","message":"Syncing Ticketmaster events for 5 celebrities","timestamp":"2026-06-12T00:39:30.181Z"}
{"level":"info","message":"Ticketmaster sync complete: fetched 48, upserted 48","timestamp":"2026-06-12T00:39:48.816Z"}
{"level":"info","message":"Syncing Ticketmaster events for 5 celebrities","timestamp":"2026-06-12T01:49:34.061Z"}
{"level":"info","message":"Ticketmaster sync complete: fetched 48, upserted 48","timestamp":"2026-06-12T01:49:50.969Z"}
{"level":"info","message":"Syncing Ticketmaster events for 5 celebrities","timestamp":"2026-06-12T02:24:42.155Z"}
{"level":"info","message":"Ticketmaster sync complete: fetched 48, upserted 48","timestamp":"2026-06-12T02:24:58.877Z"}
{"level":"info","message":"Syncing Ticketmaster events for 5 celebrities","timestamp":"2026-06-12T02:51:56.211Z"}
{"level":"info","message":"Ticketmaster sync complete: fetched 48, upserted 48","timestamp":"2026-06-12T02:52:13.413Z"}
{"level":"info","message":"Syncing Ticketmaster events for 5 celebrities","timestamp":"2026-06-12T02:57:13.567Z"}
{"level":"info","message":"Ticketmaster sync complete: fetched 48, upserted 48","timestamp":"2026-06-12T02:57:29.844Z"}
{"level":"info","message":"Syncing Ticketmaster events for 5 celebrities","timestamp":"2026-06-12T03:12:34.638Z"}
{"level":"info","message":"Ticketmaster sync complete: fetched 48, upserted 48","timestamp":"2026-06-12T03:12:53.510Z"}
{"level":"info","message":"Syncing Ticketmaster events for 5 celebrities","timestamp":"2026-06-12T03:35:23.388Z"}
{"level":"info","message":"Ticketmaster sync complete: fetched 48, upserted 48","timestamp":"2026-06-12T03:35:42.092Z"}
{"level":"info","message":"Syncing Ticketmaster events for 5 celebrities","timestamp":"2026-06-12T03:46:11.215Z"}
{"level":"info","message":"Ticketmaster sync complete: fetched 48, upserted 48","timestamp":"2026-06-12T03:46:29.704Z"}
{"level":"info","message":"Syncing Ticketmaster events for 5 celebrities","timestamp":"2026-06-12T03:50:50.324Z"}
{"level":"info","message":"Ticketmaster sync complete: fetched 48, upserted 48","timestamp":"2026-06-12T03:51:06.814Z"}
{"level":"info","message":"Syncing Ticketmaster events for 5 celebrities","timestamp":"2026-06-12T03:55:24.158Z"}
{"level":"info","message":"Ticketmaster sync complete: fetched 48, upserted 48","timestamp":"2026-06-12T03:55:44.386Z"}
{"level":"info","message":"Syncing Ticketmaster events for 5 celebrities","timestamp":"2026-06-12T04:25:09.741Z"}
{"level":"info","message":"Ticketmaster sync complete: fetched 48, upserted 48","timestamp":"2026-06-12T04:25:26.721Z"}
{"level":"info","message":"Syncing Ticketmaster events for 5 celebrities","timestamp":"2026-06-12T04:33:28.451Z"}
{"level":"info","message":"Ticketmaster sync complete: fetched 48, upserted 48","timestamp":"2026-06-12T04:33:47.555Z"}
{"level":"info","message":"Syncing Ticketmaster events for 5 celebrities","timestamp":"2026-06-12T04:47:14.720Z"}
{"level":"info","message":"Ticketmaster sync complete: fetched 48, upserted 48","timestamp":"2026-06-12T04:47:31.471Z"}
{"level":"info","message":"Syncing Ticketmaster events for 5 celebrities","timestamp":"2026-06-12T05:12:00.195Z"}
{"level":"info","message":"Ticketmaster sync complete: fetched 48, upserted 48","timestamp":"2026-06-12T05:12:21.326Z"}
{"level":"info","message":"Syncing Ticketmaster events for 5 celebrities","timestamp":"2026-06-12T05:27:45.144Z"}
{"level":"info","message":"Ticketmaster sync complete: fetched 48, upserted 48","timestamp":"2026-06-12T05:28:01.360Z"}
{"level":"info","message":"Syncing Ticketmaster events for 5 celebrities","timestamp":"2026-06-12T06:00:12.046Z"}
{"level":"info","message":"Ticketmaster sync complete: fetched 48, upserted 48","timestamp":"2026-06-12T06:00:30.880Z"}
{"level":"info","message":"Syncing Ticketmaster events for 5 celebrities","timestamp":"2026-06-12T06:22:09.284Z"}
{"level":"info","message":"Ticketmaster sync complete: fetched 48, upserted 48","timestamp":"2026-06-12T06:22:27.446Z"}
{"level":"info","message":"Syncing Ticketmaster events for 5 celebrities","timestamp":"2026-06-12T07:06:35.397Z"}
{"level":"info","message":"Ticketmaster sync complete: fetched 48, upserted 48","timestamp":"2026-06-12T07:06:52.222Z"}
{"level":"info","message":"Syncing Ticketmaster events for 5 celebrities","timestamp":"2026-06-12T07:27:25.470Z"}
{"level":"info","message":"Ticketmaster sync complete: fetched 48, upserted 48","timestamp":"2026-06-12T07:27:43.699Z"}
{"level":"info","message":"Syncing Ticketmaster events for 5 celebrities","timestamp":"2026-06-12T09:10:59.861Z"}
{"level":"info","message":"Ticketmaster sync complete: fetched 48, upserted 48","timestamp":"2026-06-12T09:11:41.362Z"}
{"level":"info","message":"Syncing Ticketmaster events for 5 celebrities","timestamp":"2026-06-12T10:05:13.764Z"}
{"level":"info","message":"Ticketmaster sync complete: fetched 48, upserted 48","timestamp":"2026-06-12T10:06:01.736Z"}
{"level":"info","message":"Syncing Ticketmaster events for 5 celebrities","timestamp":"2026-06-12T11:09:02.081Z"}
{"level":"info","message":"Ticketmaster sync complete: fetched 48, upserted 48","timestamp":"2026-06-12T11:09:22.253Z"}
{"level":"info","message":"Syncing Ticketmaster events for 5 celebrities","timestamp":"2026-06-12T11:51:34.320Z"}
{"level":"info","message":"Ticketmaster sync complete: fetched 48, upserted 48","timestamp":"2026-06-12T11:51:57.145Z"}
